{"C:\\Users\\Asus\\Documents\\react\\CoffeeShop\\CoffeeShop\\CoffeeShop-BackEnd\\routes\\products.js": {"path":"C:\\Users\\Asus\\Documents\\react\\CoffeeShop\\CoffeeShop\\CoffeeShop-BackEnd\\routes\\products.js","statementMap":{"0":{"start":{"line":1,"column":16},"end":{"line":1,"column":34}},"1":{"start":{"line":2,"column":15},"end":{"line":2,"column":31}},"2":{"start":{"line":3,"column":24},"end":{"line":3,"column":58}},"3":{"start":{"line":5,"column":15},"end":{"line":5,"column":35}},"4":{"start":{"line":8,"column":0},"end":{"line":68,"column":3}},"5":{"start":{"line":9,"column":61},"end":{"line":9,"column":70}},"6":{"start":{"line":10,"column":27},"end":{"line":10,"column":40}},"7":{"start":{"line":13,"column":4},"end":{"line":18,"column":5}},"8":{"start":{"line":14,"column":8},"end":{"line":17,"column":10}},"9":{"start":{"line":15,"column":12},"end":{"line":16,"column":70}},"10":{"start":{"line":21,"column":4},"end":{"line":23,"column":5}},"11":{"start":{"line":22,"column":8},"end":{"line":22,"column":81}},"12":{"start":{"line":22,"column":56},"end":{"line":22,"column":79}},"13":{"start":{"line":26,"column":30},"end":{"line":26,"column":32}},"14":{"start":{"line":27,"column":4},"end":{"line":32,"column":7}},"15":{"start":{"line":28,"column":8},"end":{"line":30,"column":9}},"16":{"start":{"line":29,"column":12},"end":{"line":29,"column":53}},"17":{"start":{"line":31,"column":8},"end":{"line":31,"column":58}},"18":{"start":{"line":35,"column":4},"end":{"line":41,"column":5}},"19":{"start":{"line":36,"column":8},"end":{"line":40,"column":11}},"20":{"start":{"line":37,"column":12},"end":{"line":39,"column":14}},"21":{"start":{"line":38,"column":16},"end":{"line":38,"column":70}},"22":{"start":{"line":44,"column":26},"end":{"line":44,"column":28}},"23":{"start":{"line":45,"column":26},"end":{"line":45,"column":86}},"24":{"start":{"line":48,"column":4},"end":{"line":52,"column":7}},"25":{"start":{"line":49,"column":8},"end":{"line":51,"column":9}},"26":{"start":{"line":50,"column":12},"end":{"line":50,"column":87}},"27":{"start":{"line":54,"column":4},"end":{"line":58,"column":7}},"28":{"start":{"line":55,"column":8},"end":{"line":57,"column":9}},"29":{"start":{"line":56,"column":12},"end":{"line":56,"column":87}},"30":{"start":{"line":60,"column":18},"end":{"line":60,"column":40}},"31":{"start":{"line":61,"column":23},"end":{"line":61,"column":61}},"32":{"start":{"line":62,"column":30},"end":{"line":62,"column":93}},"33":{"start":{"line":64,"column":4},"end":{"line":67,"column":7}},"34":{"start":{"line":71,"column":0},"end":{"line":91,"column":3}},"35":{"start":{"line":72,"column":23},"end":{"line":72,"column":66}},"36":{"start":{"line":72,"column":53},"end":{"line":72,"column":63}},"37":{"start":{"line":73,"column":26},"end":{"line":73,"column":86}},"38":{"start":{"line":76,"column":29},"end":{"line":88,"column":6}},"39":{"start":{"line":77,"column":23},"end":{"line":77,"column":47}},"40":{"start":{"line":78,"column":23},"end":{"line":78,"column":47}},"41":{"start":{"line":80,"column":8},"end":{"line":82,"column":9}},"42":{"start":{"line":81,"column":12},"end":{"line":81,"column":35}},"43":{"start":{"line":84,"column":8},"end":{"line":84,"column":37}},"44":{"start":{"line":84,"column":27},"end":{"line":84,"column":37}},"45":{"start":{"line":85,"column":8},"end":{"line":85,"column":36}},"46":{"start":{"line":85,"column":27},"end":{"line":85,"column":36}},"47":{"start":{"line":87,"column":8},"end":{"line":87,"column":34}},"48":{"start":{"line":90,"column":4},"end":{"line":90,"column":31}},"49":{"start":{"line":94,"column":0},"end":{"line":105,"column":3}},"50":{"start":{"line":95,"column":19},"end":{"line":95,"column":29}},"51":{"start":{"line":98,"column":18},"end":{"line":98,"column":71}},"52":{"start":{"line":98,"column":37},"end":{"line":98,"column":70}},"53":{"start":{"line":100,"column":4},"end":{"line":102,"column":5}},"54":{"start":{"line":101,"column":8},"end":{"line":101,"column":68}},"55":{"start":{"line":104,"column":4},"end":{"line":104,"column":22}},"56":{"start":{"line":108,"column":0},"end":{"line":160,"column":3}},"57":{"start":{"line":109,"column":58},"end":{"line":109,"column":66}},"58":{"start":{"line":112,"column":4},"end":{"line":114,"column":5}},"59":{"start":{"line":113,"column":8},"end":{"line":113,"column":74}},"60":{"start":{"line":116,"column":24},"end":{"line":116,"column":35}},"61":{"start":{"line":117,"column":28},"end":{"line":117,"column":43}},"62":{"start":{"line":118,"column":31},"end":{"line":118,"column":49}},"63":{"start":{"line":120,"column":4},"end":{"line":122,"column":5}},"64":{"start":{"line":121,"column":8},"end":{"line":121,"column":98}},"65":{"start":{"line":124,"column":4},"end":{"line":126,"column":5}},"66":{"start":{"line":125,"column":8},"end":{"line":125,"column":94}},"67":{"start":{"line":128,"column":4},"end":{"line":130,"column":5}},"68":{"start":{"line":129,"column":8},"end":{"line":129,"column":97}},"69":{"start":{"line":132,"column":24},"end":{"line":132,"column":41}},"70":{"start":{"line":133,"column":4},"end":{"line":135,"column":5}},"71":{"start":{"line":134,"column":8},"end":{"line":134,"column":95}},"72":{"start":{"line":137,"column":28},"end":{"line":137,"column":103}},"73":{"start":{"line":137,"column":37},"end":{"line":137,"column":103}},"74":{"start":{"line":137,"column":64},"end":{"line":137,"column":102}},"75":{"start":{"line":138,"column":4},"end":{"line":140,"column":5}},"76":{"start":{"line":139,"column":8},"end":{"line":139,"column":113}},"77":{"start":{"line":142,"column":4},"end":{"line":144,"column":5}},"78":{"start":{"line":143,"column":8},"end":{"line":143,"column":109}},"79":{"start":{"line":147,"column":23},"end":{"line":154,"column":5}},"80":{"start":{"line":156,"column":4},"end":{"line":156,"column":30}},"81":{"start":{"line":159,"column":4},"end":{"line":159,"column":37}},"82":{"start":{"line":163,"column":0},"end":{"line":235,"column":3}},"83":{"start":{"line":164,"column":19},"end":{"line":164,"column":29}},"84":{"start":{"line":165,"column":51},"end":{"line":165,"column":59}},"85":{"start":{"line":168,"column":25},"end":{"line":168,"column":83}},"86":{"start":{"line":168,"column":49},"end":{"line":168,"column":82}},"87":{"start":{"line":169,"column":4},"end":{"line":171,"column":5}},"88":{"start":{"line":170,"column":8},"end":{"line":170,"column":68}},"89":{"start":{"line":174,"column":28},"end":{"line":174,"column":50}},"90":{"start":{"line":177,"column":22},"end":{"line":177,"column":42}},"91":{"start":{"line":178,"column":4},"end":{"line":189,"column":5}},"92":{"start":{"line":179,"column":8},"end":{"line":179,"column":34}},"93":{"start":{"line":180,"column":8},"end":{"line":182,"column":9}},"94":{"start":{"line":181,"column":12},"end":{"line":181,"column":102}},"95":{"start":{"line":185,"column":32},"end":{"line":185,"column":107}},"96":{"start":{"line":185,"column":41},"end":{"line":185,"column":107}},"97":{"start":{"line":185,"column":68},"end":{"line":185,"column":106}},"98":{"start":{"line":186,"column":8},"end":{"line":188,"column":9}},"99":{"start":{"line":187,"column":12},"end":{"line":187,"column":117}},"100":{"start":{"line":192,"column":26},"end":{"line":192,"column":50}},"101":{"start":{"line":193,"column":4},"end":{"line":204,"column":5}},"102":{"start":{"line":194,"column":8},"end":{"line":194,"column":42}},"103":{"start":{"line":195,"column":8},"end":{"line":197,"column":9}},"104":{"start":{"line":196,"column":12},"end":{"line":196,"column":98}},"105":{"start":{"line":200,"column":32},"end":{"line":200,"column":107}},"106":{"start":{"line":200,"column":41},"end":{"line":200,"column":107}},"107":{"start":{"line":200,"column":68},"end":{"line":200,"column":106}},"108":{"start":{"line":201,"column":8},"end":{"line":203,"column":9}},"109":{"start":{"line":202,"column":12},"end":{"line":202,"column":113}},"110":{"start":{"line":207,"column":29},"end":{"line":207,"column":56}},"111":{"start":{"line":208,"column":4},"end":{"line":213,"column":5}},"112":{"start":{"line":209,"column":8},"end":{"line":209,"column":48}},"113":{"start":{"line":210,"column":8},"end":{"line":212,"column":9}},"114":{"start":{"line":211,"column":12},"end":{"line":211,"column":101}},"115":{"start":{"line":216,"column":22},"end":{"line":216,"column":43}},"116":{"start":{"line":217,"column":4},"end":{"line":222,"column":5}},"117":{"start":{"line":218,"column":8},"end":{"line":218,"column":40}},"118":{"start":{"line":219,"column":8},"end":{"line":221,"column":9}},"119":{"start":{"line":220,"column":12},"end":{"line":220,"column":99}},"120":{"start":{"line":225,"column":27},"end":{"line":231,"column":5}},"121":{"start":{"line":233,"column":4},"end":{"line":233,"column":44}},"122":{"start":{"line":234,"column":4},"end":{"line":234,"column":29}},"123":{"start":{"line":238,"column":0},"end":{"line":251,"column":3}},"124":{"start":{"line":239,"column":19},"end":{"line":239,"column":29}},"125":{"start":{"line":242,"column":26},"end":{"line":242,"column":79}},"126":{"start":{"line":242,"column":45},"end":{"line":242,"column":78}},"127":{"start":{"line":244,"column":4},"end":{"line":246,"column":5}},"128":{"start":{"line":245,"column":8},"end":{"line":245,"column":68}},"129":{"start":{"line":249,"column":4},"end":{"line":249,"column":71}},"130":{"start":{"line":249,"column":36},"end":{"line":249,"column":69}},"131":{"start":{"line":250,"column":4},"end":{"line":250,"column":27}},"132":{"start":{"line":253,"column":0},"end":{"line":253,"column":24}}},"fnMap":{"0":{"name":"(anonymous_0)","decl":{"start":{"line":8,"column":16},"end":{"line":8,"column":17}},"loc":{"start":{"line":8,"column":30},"end":{"line":68,"column":1}},"line":8},"1":{"name":"(anonymous_1)","decl":{"start":{"line":14,"column":51},"end":{"line":14,"column":52}},"loc":{"start":{"line":15,"column":12},"end":{"line":16,"column":70}},"line":15},"2":{"name":"(anonymous_2)","decl":{"start":{"line":22,"column":51},"end":{"line":22,"column":52}},"loc":{"start":{"line":22,"column":56},"end":{"line":22,"column":79}},"line":22},"3":{"name":"(anonymous_3)","decl":{"start":{"line":27,"column":29},"end":{"line":27,"column":30}},"loc":{"start":{"line":27,"column":40},"end":{"line":32,"column":5}},"line":27},"4":{"name":"(anonymous_4)","decl":{"start":{"line":36,"column":47},"end":{"line":36,"column":48}},"loc":{"start":{"line":36,"column":54},"end":{"line":40,"column":9}},"line":36},"5":{"name":"(anonymous_5)","decl":{"start":{"line":37,"column":40},"end":{"line":37,"column":41}},"loc":{"start":{"line":38,"column":16},"end":{"line":38,"column":70}},"line":38},"6":{"name":"(anonymous_6)","decl":{"start":{"line":48,"column":26},"end":{"line":48,"column":27}},"loc":{"start":{"line":48,"column":42},"end":{"line":52,"column":5}},"line":48},"7":{"name":"(anonymous_7)","decl":{"start":{"line":54,"column":43},"end":{"line":54,"column":44}},"loc":{"start":{"line":54,"column":59},"end":{"line":58,"column":5}},"line":54},"8":{"name":"(anonymous_8)","decl":{"start":{"line":71,"column":26},"end":{"line":71,"column":27}},"loc":{"start":{"line":71,"column":40},"end":{"line":91,"column":1}},"line":71},"9":{"name":"(anonymous_9)","decl":{"start":{"line":72,"column":48},"end":{"line":72,"column":49}},"loc":{"start":{"line":72,"column":53},"end":{"line":72,"column":63}},"line":72},"10":{"name":"(anonymous_10)","decl":{"start":{"line":76,"column":45},"end":{"line":76,"column":46}},"loc":{"start":{"line":76,"column":55},"end":{"line":88,"column":5}},"line":76},"11":{"name":"(anonymous_11)","decl":{"start":{"line":94,"column":19},"end":{"line":94,"column":20}},"loc":{"start":{"line":94,"column":33},"end":{"line":105,"column":1}},"line":94},"12":{"name":"(anonymous_12)","decl":{"start":{"line":98,"column":32},"end":{"line":98,"column":33}},"loc":{"start":{"line":98,"column":37},"end":{"line":98,"column":70}},"line":98},"13":{"name":"(anonymous_13)","decl":{"start":{"line":108,"column":17},"end":{"line":108,"column":18}},"loc":{"start":{"line":108,"column":31},"end":{"line":160,"column":1}},"line":108},"14":{"name":"(anonymous_14)","decl":{"start":{"line":137,"column":28},"end":{"line":137,"column":29}},"loc":{"start":{"line":137,"column":37},"end":{"line":137,"column":103}},"line":137},"15":{"name":"(anonymous_15)","decl":{"start":{"line":137,"column":56},"end":{"line":137,"column":57}},"loc":{"start":{"line":137,"column":64},"end":{"line":137,"column":102}},"line":137},"16":{"name":"(anonymous_16)","decl":{"start":{"line":163,"column":19},"end":{"line":163,"column":20}},"loc":{"start":{"line":163,"column":33},"end":{"line":235,"column":1}},"line":163},"17":{"name":"(anonymous_17)","decl":{"start":{"line":168,"column":44},"end":{"line":168,"column":45}},"loc":{"start":{"line":168,"column":49},"end":{"line":168,"column":82}},"line":168},"18":{"name":"(anonymous_18)","decl":{"start":{"line":185,"column":32},"end":{"line":185,"column":33}},"loc":{"start":{"line":185,"column":41},"end":{"line":185,"column":107}},"line":185},"19":{"name":"(anonymous_19)","decl":{"start":{"line":185,"column":60},"end":{"line":185,"column":61}},"loc":{"start":{"line":185,"column":68},"end":{"line":185,"column":106}},"line":185},"20":{"name":"(anonymous_20)","decl":{"start":{"line":200,"column":32},"end":{"line":200,"column":33}},"loc":{"start":{"line":200,"column":41},"end":{"line":200,"column":107}},"line":200},"21":{"name":"(anonymous_21)","decl":{"start":{"line":200,"column":60},"end":{"line":200,"column":61}},"loc":{"start":{"line":200,"column":68},"end":{"line":200,"column":106}},"line":200},"22":{"name":"(anonymous_22)","decl":{"start":{"line":238,"column":22},"end":{"line":238,"column":23}},"loc":{"start":{"line":238,"column":36},"end":{"line":251,"column":1}},"line":238},"23":{"name":"(anonymous_23)","decl":{"start":{"line":242,"column":40},"end":{"line":242,"column":41}},"loc":{"start":{"line":242,"column":45},"end":{"line":242,"column":78}},"line":242},"24":{"name":"(anonymous_24)","decl":{"start":{"line":249,"column":31},"end":{"line":249,"column":32}},"loc":{"start":{"line":249,"column":36},"end":{"line":249,"column":69}},"line":249}},"branchMap":{"0":{"loc":{"start":{"line":9,"column":36},"end":{"line":9,"column":46}},"type":"default-arg","locations":[{"start":{"line":9,"column":44},"end":{"line":9,"column":46}}],"line":9},"1":{"loc":{"start":{"line":9,"column":48},"end":{"line":9,"column":56}},"type":"default-arg","locations":[{"start":{"line":9,"column":55},"end":{"line":9,"column":56}}],"line":9},"2":{"loc":{"start":{"line":13,"column":4},"end":{"line":18,"column":5}},"type":"if","locations":[{"start":{"line":13,"column":4},"end":{"line":18,"column":5}},{"start":{},"end":{}}],"line":13},"3":{"loc":{"start":{"line":15,"column":12},"end":{"line":16,"column":70}},"type":"binary-expr","locations":[{"start":{"line":15,"column":12},"end":{"line":15,"column":63}},{"start":{"line":16,"column":12},"end":{"line":16,"column":70}}],"line":15},"4":{"loc":{"start":{"line":21,"column":4},"end":{"line":23,"column":5}},"type":"if","locations":[{"start":{"line":21,"column":4},"end":{"line":23,"column":5}},{"start":{},"end":{}}],"line":21},"5":{"loc":{"start":{"line":28,"column":8},"end":{"line":30,"column":9}},"type":"if","locations":[{"start":{"line":28,"column":8},"end":{"line":30,"column":9}},{"start":{},"end":{}}],"line":28},"6":{"loc":{"start":{"line":35,"column":4},"end":{"line":41,"column":5}},"type":"if","locations":[{"start":{"line":35,"column":4},"end":{"line":41,"column":5}},{"start":{},"end":{}}],"line":35},"7":{"loc":{"start":{"line":35,"column":8},"end":{"line":35,"column":41}},"type":"binary-expr","locations":[{"start":{"line":35,"column":8},"end":{"line":35,"column":22}},{"start":{"line":35,"column":26},"end":{"line":35,"column":41}}],"line":35},"8":{"loc":{"start":{"line":38,"column":16},"end":{"line":38,"column":70}},"type":"cond-expr","locations":[{"start":{"line":38,"column":33},"end":{"line":38,"column":50}},{"start":{"line":38,"column":53},"end":{"line":38,"column":70}}],"line":38},"9":{"loc":{"start":{"line":49,"column":8},"end":{"line":51,"column":9}},"type":"if","locations":[{"start":{"line":49,"column":8},"end":{"line":51,"column":9}},{"start":{},"end":{}}],"line":49},"10":{"loc":{"start":{"line":55,"column":8},"end":{"line":57,"column":9}},"type":"if","locations":[{"start":{"line":55,"column":8},"end":{"line":57,"column":9}},{"start":{},"end":{}}],"line":55},"11":{"loc":{"start":{"line":80,"column":8},"end":{"line":82,"column":9}},"type":"if","locations":[{"start":{"line":80,"column":8},"end":{"line":82,"column":9}},{"start":{},"end":{}}],"line":80},"12":{"loc":{"start":{"line":80,"column":12},"end":{"line":80,"column":42}},"type":"binary-expr","locations":[{"start":{"line":80,"column":12},"end":{"line":80,"column":25}},{"start":{"line":80,"column":29},"end":{"line":80,"column":42}}],"line":80},"13":{"loc":{"start":{"line":84,"column":8},"end":{"line":84,"column":37}},"type":"if","locations":[{"start":{"line":84,"column":8},"end":{"line":84,"column":37}},{"start":{},"end":{}}],"line":84},"14":{"loc":{"start":{"line":85,"column":8},"end":{"line":85,"column":36}},"type":"if","locations":[{"start":{"line":85,"column":8},"end":{"line":85,"column":36}},{"start":{},"end":{}}],"line":85},"15":{"loc":{"start":{"line":100,"column":4},"end":{"line":102,"column":5}},"type":"if","locations":[{"start":{"line":100,"column":4},"end":{"line":102,"column":5}},{"start":{},"end":{}}],"line":100},"16":{"loc":{"start":{"line":112,"column":4},"end":{"line":114,"column":5}},"type":"if","locations":[{"start":{"line":112,"column":4},"end":{"line":114,"column":5}},{"start":{},"end":{}}],"line":112},"17":{"loc":{"start":{"line":112,"column":8},"end":{"line":112,"column":65}},"type":"binary-expr","locations":[{"start":{"line":112,"column":8},"end":{"line":112,"column":13}},{"start":{"line":112,"column":17},"end":{"line":112,"column":26}},{"start":{"line":112,"column":30},"end":{"line":112,"column":49}},{"start":{"line":112,"column":53},"end":{"line":112,"column":65}}],"line":112},"18":{"loc":{"start":{"line":120,"column":4},"end":{"line":122,"column":5}},"type":"if","locations":[{"start":{"line":120,"column":4},"end":{"line":122,"column":5}},{"start":{},"end":{}}],"line":120},"19":{"loc":{"start":{"line":124,"column":4},"end":{"line":126,"column":5}},"type":"if","locations":[{"start":{"line":124,"column":4},"end":{"line":126,"column":5}},{"start":{},"end":{}}],"line":124},"20":{"loc":{"start":{"line":128,"column":4},"end":{"line":130,"column":5}},"type":"if","locations":[{"start":{"line":128,"column":4},"end":{"line":130,"column":5}},{"start":{},"end":{}}],"line":128},"21":{"loc":{"start":{"line":133,"column":4},"end":{"line":135,"column":5}},"type":"if","locations":[{"start":{"line":133,"column":4},"end":{"line":135,"column":5}},{"start":{},"end":{}}],"line":133},"22":{"loc":{"start":{"line":133,"column":8},"end":{"line":133,"column":46}},"type":"binary-expr","locations":[{"start":{"line":133,"column":8},"end":{"line":133,"column":26}},{"start":{"line":133,"column":30},"end":{"line":133,"column":46}}],"line":133},"23":{"loc":{"start":{"line":137,"column":64},"end":{"line":137,"column":102}},"type":"binary-expr","locations":[{"start":{"line":137,"column":64},"end":{"line":137,"column":86}},{"start":{"line":137,"column":90},"end":{"line":137,"column":102}}],"line":137},"24":{"loc":{"start":{"line":138,"column":4},"end":{"line":140,"column":5}},"type":"if","locations":[{"start":{"line":138,"column":4},"end":{"line":140,"column":5}},{"start":{},"end":{}}],"line":138},"25":{"loc":{"start":{"line":142,"column":4},"end":{"line":144,"column":5}},"type":"if","locations":[{"start":{"line":142,"column":4},"end":{"line":144,"column":5}},{"start":{},"end":{}}],"line":142},"26":{"loc":{"start":{"line":169,"column":4},"end":{"line":171,"column":5}},"type":"if","locations":[{"start":{"line":169,"column":4},"end":{"line":171,"column":5}},{"start":{},"end":{}}],"line":169},"27":{"loc":{"start":{"line":178,"column":4},"end":{"line":189,"column":5}},"type":"if","locations":[{"start":{"line":178,"column":4},"end":{"line":189,"column":5}},{"start":{},"end":{}}],"line":178},"28":{"loc":{"start":{"line":180,"column":8},"end":{"line":182,"column":9}},"type":"if","locations":[{"start":{"line":180,"column":8},"end":{"line":182,"column":9}},{"start":{},"end":{}}],"line":180},"29":{"loc":{"start":{"line":185,"column":68},"end":{"line":185,"column":106}},"type":"binary-expr","locations":[{"start":{"line":185,"column":68},"end":{"line":185,"column":90}},{"start":{"line":185,"column":94},"end":{"line":185,"column":106}}],"line":185},"30":{"loc":{"start":{"line":186,"column":8},"end":{"line":188,"column":9}},"type":"if","locations":[{"start":{"line":186,"column":8},"end":{"line":188,"column":9}},{"start":{},"end":{}}],"line":186},"31":{"loc":{"start":{"line":193,"column":4},"end":{"line":204,"column":5}},"type":"if","locations":[{"start":{"line":193,"column":4},"end":{"line":204,"column":5}},{"start":{},"end":{}}],"line":193},"32":{"loc":{"start":{"line":195,"column":8},"end":{"line":197,"column":9}},"type":"if","locations":[{"start":{"line":195,"column":8},"end":{"line":197,"column":9}},{"start":{},"end":{}}],"line":195},"33":{"loc":{"start":{"line":200,"column":68},"end":{"line":200,"column":106}},"type":"binary-expr","locations":[{"start":{"line":200,"column":68},"end":{"line":200,"column":90}},{"start":{"line":200,"column":94},"end":{"line":200,"column":106}}],"line":200},"34":{"loc":{"start":{"line":201,"column":8},"end":{"line":203,"column":9}},"type":"if","locations":[{"start":{"line":201,"column":8},"end":{"line":203,"column":9}},{"start":{},"end":{}}],"line":201},"35":{"loc":{"start":{"line":208,"column":4},"end":{"line":213,"column":5}},"type":"if","locations":[{"start":{"line":208,"column":4},"end":{"line":213,"column":5}},{"start":{},"end":{}}],"line":208},"36":{"loc":{"start":{"line":210,"column":8},"end":{"line":212,"column":9}},"type":"if","locations":[{"start":{"line":210,"column":8},"end":{"line":212,"column":9}},{"start":{},"end":{}}],"line":210},"37":{"loc":{"start":{"line":217,"column":4},"end":{"line":222,"column":5}},"type":"if","locations":[{"start":{"line":217,"column":4},"end":{"line":222,"column":5}},{"start":{},"end":{}}],"line":217},"38":{"loc":{"start":{"line":219,"column":8},"end":{"line":221,"column":9}},"type":"if","locations":[{"start":{"line":219,"column":8},"end":{"line":221,"column":9}},{"start":{},"end":{}}],"line":219},"39":{"loc":{"start":{"line":219,"column":12},"end":{"line":219,"column":50}},"type":"binary-expr","locations":[{"start":{"line":219,"column":12},"end":{"line":219,"column":30}},{"start":{"line":219,"column":34},"end":{"line":219,"column":50}}],"line":219},"40":{"loc":{"start":{"line":244,"column":4},"end":{"line":246,"column":5}},"type":"if","locations":[{"start":{"line":244,"column":4},"end":{"line":246,"column":5}},{"start":{},"end":{}}],"line":244}},"s":{"0":1,"1":1,"2":1,"3":1,"4":1,"5":7,"6":7,"7":7,"8":1,"9":2,"10":7,"11":1,"12":2,"13":7,"14":7,"15":14,"16":9,"17":14,"18":7,"19":2,"20":2,"21":2,"22":7,"23":7,"24":7,"25":28,"26":7,"27":7,"28":9,"29":2,"30":7,"31":7,"32":7,"33":7,"34":1,"35":1,"36":2,"37":1,"38":1,"39":1,"40":1,"41":1,"42":0,"43":1,"44":0,"45":1,"46":1,"47":0,"48":1,"49":1,"50":4,"51":4,"52":6,"53":4,"54":2,"55":2,"56":1,"57":5,"58":5,"59":1,"60":4,"61":4,"62":4,"63":4,"64":1,"65":3,"66":1,"67":2,"68":0,"69":2,"70":2,"71":0,"72":2,"73":3,"74":32,"75":2,"76":1,"77":1,"78":0,"79":1,"80":1,"81":1,"82":1,"83":3,"84":3,"85":3,"86":5,"87":3,"88":1,"89":2,"90":2,"91":2,"92":2,"93":2,"94":1,"95":1,"96":1,"97":16,"98":1,"99":0,"100":1,"101":1,"102":0,"103":0,"104":0,"105":0,"106":0,"107":0,"108":0,"109":0,"110":1,"111":1,"112":0,"113":0,"114":0,"115":1,"116":1,"117":1,"118":1,"119":0,"120":1,"121":1,"122":1,"123":1,"124":2,"125":2,"126":3,"127":2,"128":1,"129":1,"130":3,"131":1,"132":1},"f":{"0":7,"1":2,"2":2,"3":14,"4":2,"5":2,"6":28,"7":9,"8":1,"9":2,"10":1,"11":4,"12":6,"13":5,"14":3,"15":32,"16":3,"17":5,"18":1,"19":16,"20":0,"21":0,"22":2,"23":3,"24":3},"b":{"0":[7],"1":[7],"2":[1,6],"3":[2,1],"4":[1,6],"5":[9,5],"6":[2,5],"7":[7,6],"8":[1,1],"9":[7,21],"10":[2,7],"11":[0,1],"12":[1,0],"13":[0,1],"14":[1,0],"15":[2,2],"16":[1,4],"17":[5,5,4,4],"18":[1,3],"19":[1,2],"20":[0,2],"21":[0,2],"22":[2,2],"23":[32,1],"24":[1,1],"25":[0,1],"26":[1,2],"27":[2,0],"28":[1,1],"29":[16,0],"30":[0,1],"31":[0,1],"32":[0,0],"33":[0,0],"34":[0,0],"35":[0,1],"36":[0,0],"37":[1,0],"38":[0,1],"39":[1,1],"40":[1,1]},"_coverageSchema":"1a1c01bbd47fc00a2c39e90264f33305004495a9","hash":"b7633441509b2369c31c02c3afc7aa3968a908ea"}
}
