TN:
SF:routes\products.js
FN:8,(anonymous_0)
FN:14,(anonymous_1)
FN:22,(anonymous_2)
FN:27,(anonymous_3)
FN:36,(anonymous_4)
FN:37,(anonymous_5)
FN:48,(anonymous_6)
FN:54,(anonymous_7)
FN:71,(anonymous_8)
FN:72,(anonymous_9)
FN:76,(anonymous_10)
FN:94,(anonymous_11)
FN:98,(anonymous_12)
FN:108,(anonymous_13)
FN:137,(anonymous_14)
FN:137,(anonymous_15)
FN:163,(anonymous_16)
FN:168,(anonymous_17)
FN:185,(anonymous_18)
FN:185,(anonymous_19)
FN:200,(anonymous_20)
FN:200,(anonymous_21)
FN:238,(anonymous_22)
FN:242,(anonymous_23)
FN:249,(anonymous_24)
FNF:25
FNH:23
FNDA:7,(anonymous_0)
FNDA:2,(anonymous_1)
FNDA:2,(anonymous_2)
FNDA:14,(anonymous_3)
FNDA:2,(anonymous_4)
FNDA:2,(anonymous_5)
FNDA:28,(anonymous_6)
FNDA:9,(anonymous_7)
FNDA:1,(anonymous_8)
FNDA:2,(anonymous_9)
FNDA:1,(anonymous_10)
FNDA:4,(anonymous_11)
FNDA:6,(anonymous_12)
FNDA:5,(anonymous_13)
FNDA:3,(anonymous_14)
FNDA:32,(anonymous_15)
FNDA:3,(anonymous_16)
FNDA:5,(anonymous_17)
FNDA:1,(anonymous_18)
FNDA:16,(anonymous_19)
FNDA:0,(anonymous_20)
FNDA:0,(anonymous_21)
FNDA:2,(anonymous_22)
FNDA:3,(anonymous_23)
FNDA:3,(anonymous_24)
DA:1,1
DA:2,1
DA:3,1
DA:5,1
DA:8,1
DA:9,7
DA:10,7
DA:13,7
DA:14,1
DA:15,2
DA:21,7
DA:22,2
DA:26,7
DA:27,7
DA:28,14
DA:29,9
DA:31,14
DA:35,7
DA:36,2
DA:37,2
DA:38,2
DA:44,7
DA:45,7
DA:48,7
DA:49,28
DA:50,7
DA:54,7
DA:55,9
DA:56,2
DA:60,7
DA:61,7
DA:62,7
DA:64,7
DA:71,1
DA:72,2
DA:73,1
DA:76,1
DA:77,1
DA:78,1
DA:80,1
DA:81,0
DA:84,1
DA:85,1
DA:87,0
DA:90,1
DA:94,1
DA:95,4
DA:98,6
DA:100,4
DA:101,2
DA:104,2
DA:108,1
DA:109,5
DA:112,5
DA:113,1
DA:116,4
DA:117,4
DA:118,4
DA:120,4
DA:121,1
DA:124,3
DA:125,1
DA:128,2
DA:129,0
DA:132,2
DA:133,2
DA:134,0
DA:137,32
DA:138,2
DA:139,1
DA:142,1
DA:143,0
DA:147,1
DA:156,1
DA:159,1
DA:163,1
DA:164,3
DA:165,3
DA:168,5
DA:169,3
DA:170,1
DA:174,2
DA:177,2
DA:178,2
DA:179,2
DA:180,2
DA:181,1
DA:185,16
DA:186,1
DA:187,0
DA:192,1
DA:193,1
DA:194,0
DA:195,0
DA:196,0
DA:200,0
DA:201,0
DA:202,0
DA:207,1
DA:208,1
DA:209,0
DA:210,0
DA:211,0
DA:216,1
DA:217,1
DA:218,1
DA:219,1
DA:220,0
DA:225,1
DA:233,1
DA:234,1
DA:238,1
DA:239,2
DA:242,3
DA:244,2
DA:245,1
DA:249,3
DA:250,1
DA:253,1
LF:119
LH:103
BRDA:9,0,0,7
BRDA:9,1,0,7
BRDA:13,2,0,1
BRDA:13,2,1,6
BRDA:15,3,0,2
BRDA:15,3,1,1
BRDA:21,4,0,1
BRDA:21,4,1,6
BRDA:28,5,0,9
BRDA:28,5,1,5
BRDA:35,6,0,2
BRDA:35,6,1,5
BRDA:35,7,0,7
BRDA:35,7,1,6
BRDA:38,8,0,1
BRDA:38,8,1,1
BRDA:49,9,0,7
BRDA:49,9,1,21
BRDA:55,10,0,2
BRDA:55,10,1,7
BRDA:80,11,0,0
BRDA:80,11,1,1
BRDA:80,12,0,1
BRDA:80,12,1,0
BRDA:84,13,0,0
BRDA:84,13,1,1
BRDA:85,14,0,1
BRDA:85,14,1,0
BRDA:100,15,0,2
BRDA:100,15,1,2
BRDA:112,16,0,1
BRDA:112,16,1,4
BRDA:112,17,0,5
BRDA:112,17,1,5
BRDA:112,17,2,4
BRDA:112,17,3,4
BRDA:120,18,0,1
BRDA:120,18,1,3
BRDA:124,19,0,1
BRDA:124,19,1,2
BRDA:128,20,0,0
BRDA:128,20,1,2
BRDA:133,21,0,0
BRDA:133,21,1,2
BRDA:133,22,0,2
BRDA:133,22,1,2
BRDA:137,23,0,32
BRDA:137,23,1,1
BRDA:138,24,0,1
BRDA:138,24,1,1
BRDA:142,25,0,0
BRDA:142,25,1,1
BRDA:169,26,0,1
BRDA:169,26,1,2
BRDA:178,27,0,2
BRDA:178,27,1,0
BRDA:180,28,0,1
BRDA:180,28,1,1
BRDA:185,29,0,16
BRDA:185,29,1,0
BRDA:186,30,0,0
BRDA:186,30,1,1
BRDA:193,31,0,0
BRDA:193,31,1,1
BRDA:195,32,0,0
BRDA:195,32,1,0
BRDA:200,33,0,0
BRDA:200,33,1,0
BRDA:201,34,0,0
BRDA:201,34,1,0
BRDA:208,35,0,0
BRDA:208,35,1,1
BRDA:210,36,0,0
BRDA:210,36,1,0
BRDA:217,37,0,1
BRDA:217,37,1,0
BRDA:219,38,0,0
BRDA:219,38,1,1
BRDA:219,39,0,1
BRDA:219,39,1,1
BRDA:244,40,0,1
BRDA:244,40,1,1
BRF:82
BRH:60
end_of_record
