TN:
SF:src\ProductContext.jsx
FN:41,(anonymous_0)
FN:95,(anonymous_1)
FN:99,(anonymous_2)
FN:100,(anonymous_3)
FN:101,(anonymous_4)
FN:105,(anonymous_5)
FN:106,(anonymous_6)
FN:107,(anonymous_7)
FNF:8
FNH:0
FNDA:0,(anonymous_0)
FNDA:0,(anonymous_1)
FNDA:0,(anonymous_2)
FNDA:0,(anonymous_3)
FNDA:0,(anonymous_4)
FNDA:0,(anonymous_5)
FNDA:0,(anonymous_6)
FNDA:0,(anonymous_7)
DA:39,1
DA:41,1
DA:42,0
DA:95,0
DA:96,0
DA:99,0
DA:100,0
DA:101,0
DA:105,0
DA:106,0
DA:107,0
DA:108,0
DA:113,0
LF:13
LH:2
BRDA:101,0,0,0
BRDA:101,0,1,0
BRF:2
BRH:0
end_of_record
TN:
SF:src\jestMock.js
FNF:0
FNH:0
LF:0
LH:0
BRF:0
BRH:0
end_of_record
TN:
SF:src\components\AddPage.jsx
FN:7,(anonymous_0)
FN:24,(anonymous_1)
FN:29,(anonymous_2)
FN:64,(anonymous_3)
FN:64,(anonymous_4)
FNF:5
FNH:5
FNDA:6,(anonymous_0)
FNDA:4,(anonymous_1)
FNDA:1,(anonymous_2)
FNDA:2,(anonymous_3)
FNDA:19,(anonymous_4)
DA:7,1
DA:8,6
DA:9,6
DA:12,6
DA:21,6
DA:24,6
DA:25,4
DA:29,6
DA:30,1
DA:33,1
DA:34,1
DA:35,1
DA:36,1
DA:39,1
DA:40,0
DA:41,0
DA:45,1
DA:46,0
DA:47,0
DA:51,1
DA:52,0
DA:53,0
DA:57,1
DA:58,1
DA:59,0
DA:60,0
DA:64,19
DA:65,1
DA:66,0
DA:67,0
DA:71,1
DA:74,1
DA:77,1
DA:83,6
LF:34
LH:24
BRDA:39,0,0,0
BRDA:39,0,1,1
BRDA:39,1,0,1
BRDA:39,1,1,1
BRDA:39,1,2,1
BRDA:39,1,3,1
BRDA:45,2,0,0
BRDA:45,2,1,1
BRDA:45,3,0,1
BRDA:45,3,1,1
BRDA:51,4,0,0
BRDA:51,4,1,1
BRDA:58,5,0,0
BRDA:58,5,1,1
BRDA:58,6,0,1
BRDA:58,6,1,1
BRDA:64,7,0,19
BRDA:64,7,1,1
BRDA:65,8,0,0
BRDA:65,8,1,1
BRDA:65,9,0,1
BRDA:65,9,1,1
BRDA:151,10,0,6
BRDA:151,10,1,1
BRDA:152,11,0,6
BRDA:152,11,1,0
BRF:26
BRH:20
end_of_record
TN:
SF:src\components\AddProductSection.jsx
FN:5,(anonymous_0)
FN:18,(anonymous_1)
FNF:2
FNH:2
FNDA:3,(anonymous_0)
FNDA:1,(anonymous_1)
DA:5,1
DA:6,3
DA:8,3
DA:18,1
LF:4
LH:4
BRF:0
BRH:0
end_of_record
TN:
SF:src\components\HeroSection.jsx
FN:5,(anonymous_0)
FN:17,(anonymous_1)
FNF:2
FNH:2
FNDA:3,(anonymous_0)
FNDA:1,(anonymous_1)
DA:5,1
DA:6,3
DA:8,3
DA:17,1
LF:4
LH:4
BRF:0
BRH:0
end_of_record
TN:
SF:src\components\MenuPage.jsx
FN:63,(anonymous_0)
FN:65,(anonymous_1)
FN:66,(anonymous_2)
FN:67,(anonymous_3)
FN:118,(anonymous_4)
FN:168,(anonymous_5)
FN:175,(anonymous_6)
FN:185,(anonymous_7)
FN:237,(anonymous_8)
FN:240,(anonymous_9)
FN:243,(anonymous_10)
FN:263,(anonymous_11)
FN:266,(anonymous_12)
FN:266,(anonymous_13)
FN:274,(anonymous_14)
FN:275,(anonymous_15)
FN:276,(anonymous_16)
FN:281,(anonymous_17)
FN:319,(anonymous_18)
FN:327,(anonymous_19)
FN:332,(anonymous_20)
FN:345,(anonymous_21)
FN:347,(anonymous_22)
FN:351,(anonymous_23)
FN:355,(anonymous_24)
FN:364,(anonymous_25)
FN:368,(anonymous_26)
FN:373,(anonymous_27)
FN:379,(anonymous_28)
FN:382,(anonymous_29)
FN:395,(anonymous_30)
FN:396,(anonymous_31)
FN:397,(anonymous_32)
FN:404,(anonymous_33)
FN:405,(anonymous_34)
FN:411,(anonymous_35)
FN:417,(anonymous_36)
FN:418,(anonymous_37)
FN:423,(anonymous_38)
FN:429,(anonymous_39)
FN:434,(anonymous_40)
FN:435,(anonymous_41)
FN:448,(anonymous_42)
FN:456,(anonymous_43)
FN:485,(anonymous_44)
FN:487,(anonymous_45)
FN:489,(anonymous_46)
FN:493,(anonymous_47)
FN:502,(anonymous_48)
FN:518,(anonymous_49)
FN:552,(anonymous_50)
FN:554,(anonymous_51)
FN:560,(anonymous_52)
FN:562,(anonymous_53)
FN:578,(anonymous_54)
FN:612,(anonymous_55)
FN:638,(anonymous_56)
FN:646,(anonymous_57)
FN:650,(anonymous_58)
FN:661,(anonymous_59)
FNF:60
FNH:32
FNDA:0,(anonymous_0)
FNDA:0,(anonymous_1)
FNDA:0,(anonymous_2)
FNDA:0,(anonymous_3)
FNDA:0,(anonymous_4)
FNDA:0,(anonymous_5)
FNDA:0,(anonymous_6)
FNDA:0,(anonymous_7)
FNDA:0,(anonymous_8)
FNDA:16,(anonymous_9)
FNDA:0,(anonymous_10)
FNDA:16,(anonymous_11)
FNDA:192,(anonymous_12)
FNDA:464,(anonymous_13)
FNDA:192,(anonymous_14)
FNDA:192,(anonymous_15)
FNDA:192,(anonymous_16)
FNDA:0,(anonymous_17)
FNDA:24,(anonymous_18)
FNDA:8,(anonymous_19)
FNDA:8,(anonymous_20)
FNDA:0,(anonymous_21)
FNDA:0,(anonymous_22)
FNDA:0,(anonymous_23)
FNDA:0,(anonymous_24)
FNDA:0,(anonymous_25)
FNDA:0,(anonymous_26)
FNDA:0,(anonymous_27)
FNDA:0,(anonymous_28)
FNDA:0,(anonymous_29)
FNDA:8,(anonymous_30)
FNDA:8,(anonymous_31)
FNDA:0,(anonymous_32)
FNDA:8,(anonymous_33)
FNDA:0,(anonymous_34)
FNDA:8,(anonymous_35)
FNDA:16,(anonymous_36)
FNDA:192,(anonymous_37)
FNDA:16,(anonymous_38)
FNDA:12,(anonymous_39)
FNDA:18,(anonymous_40)
FNDA:216,(anonymous_41)
FNDA:128,(anonymous_42)
FNDA:0,(anonymous_43)
FNDA:1,(anonymous_44)
FNDA:1,(anonymous_45)
FNDA:96,(anonymous_46)
FNDA:2,(anonymous_47)
FNDA:0,(anonymous_48)
FNDA:0,(anonymous_49)
FNDA:96,(anonymous_50)
FNDA:992,(anonymous_51)
FNDA:30,(anonymous_52)
FNDA:32,(anonymous_53)
FNDA:1456,(anonymous_54)
FNDA:128,(anonymous_55)
FNDA:0,(anonymous_56)
FNDA:42,(anonymous_57)
FNDA:0,(anonymous_58)
FNDA:0,(anonymous_59)
DA:47,1
DA:60,1
DA:63,1
DA:65,0
DA:66,0
DA:67,0
DA:70,0
DA:93,0
DA:110,0
DA:118,1
DA:119,0
DA:143,0
DA:160,0
DA:168,1
DA:170,0
DA:171,0
DA:175,0
DA:176,0
DA:177,0
DA:180,0
DA:181,0
DA:183,0
DA:184,0
DA:185,0
DA:188,0
DA:202,0
DA:227,0
DA:235,1
DA:238,0
DA:241,16
DA:244,0
DA:249,1
DA:254,1
DA:263,1
DA:264,16
DA:266,464
DA:267,16
DA:268,16
DA:270,16
DA:271,16
DA:273,16
DA:274,192
DA:275,192
DA:276,192
DA:281,1
DA:282,0
DA:283,0
DA:286,0
DA:287,0
DA:290,0
DA:292,0
DA:295,0
DA:298,0
DA:307,0
DA:309,0
DA:319,1
DA:320,24
DA:321,24
DA:322,24
DA:323,24
DA:327,24
DA:328,8
DA:332,24
DA:333,8
DA:336,24
DA:337,24
DA:338,24
DA:341,24
DA:342,24
DA:345,24
DA:347,0
DA:348,0
DA:351,0
DA:352,0
DA:355,0
DA:356,0
DA:359,0
DA:364,24
DA:368,0
DA:370,0
DA:371,0
DA:372,0
DA:373,0
DA:379,24
DA:380,0
DA:382,0
DA:383,0
DA:385,0
DA:386,0
DA:389,0
DA:390,0
DA:395,24
DA:396,8
DA:397,8
DA:398,0
DA:404,24
DA:405,8
DA:406,0
DA:409,8
DA:411,8
DA:412,8
DA:417,24
DA:418,192
DA:423,24
DA:424,16
DA:429,24
DA:430,12
DA:434,24
DA:435,18
DA:436,216
DA:444,24
DA:445,24
DA:448,24
DA:449,128
DA:450,68
DA:451,8
DA:452,0
DA:456,24
DA:457,0
DA:459,0
DA:465,24
DA:485,1
DA:487,1
DA:490,96
DA:493,2
DA:502,0
DA:518,0
DA:554,992
DA:555,96
DA:558,84
DA:559,84
DA:560,30
DA:561,76
DA:562,32
DA:566,84
DA:567,84
DA:570,84
DA:571,84
DA:574,84
DA:575,212
DA:576,84
DA:578,1456
DA:582,84
DA:584,38
DA:585,46
DA:587,46
DA:588,0
DA:590,0
DA:597,84
DA:600,46
DA:601,46
DA:606,46
DA:608,46
DA:613,128
DA:638,0
DA:647,42
DA:650,0
DA:661,0
LF:158
LH:93
BRDA:170,0,0,0
BRDA:170,0,1,0
BRDA:185,1,0,0
BRDA:185,1,1,0
BRDA:264,2,0,0
BRDA:264,2,1,16
BRDA:275,3,0,192
BRDA:275,3,1,128
BRDA:380,4,0,0
BRDA:380,4,1,0
BRDA:436,5,0,216
BRDA:436,5,1,207
BRDA:436,5,2,11
BRDA:436,6,0,12
BRDA:436,6,1,204
BRDA:449,7,0,60
BRDA:449,7,1,68
BRDA:450,8,0,60
BRDA:450,8,1,8
BRDA:451,9,0,8
BRDA:451,9,1,0
BRDA:511,10,0,0
BRDA:511,10,1,24
BRDA:514,11,0,0
BRDA:514,11,1,24
BRDA:526,12,0,24
BRDA:526,12,1,0
BRDA:555,13,0,12
BRDA:555,13,1,84
BRDA:559,14,0,8
BRDA:559,14,1,76
BRDA:561,15,0,8
BRDA:561,15,1,68
BRDA:575,16,0,84
BRDA:575,16,1,128
BRDA:582,17,0,38
BRDA:582,17,1,46
BRDA:585,18,0,46
BRDA:585,18,1,0
BRDA:588,19,0,0
BRDA:588,19,1,0
BRDA:597,20,0,38
BRDA:597,20,1,46
BRDA:606,21,0,0
BRDA:606,21,1,46
BRDA:634,22,0,24
BRDA:634,22,1,20
BRDA:649,23,0,20
BRDA:649,23,1,22
BRDA:652,24,0,20
BRDA:652,24,1,22
BRF:51
BRH:36
end_of_record
TN:
SF:src\components\MenuSection.jsx
FN:5,(anonymous_0)
FN:16,(anonymous_1)
FNF:2
FNH:2
FNDA:4,(anonymous_0)
FNDA:1,(anonymous_1)
DA:5,1
DA:6,4
DA:8,4
DA:16,1
LF:4
LH:4
BRF:0
BRH:0
end_of_record
TN:
SF:src\components\Navbar.jsx
FN:5,(anonymous_0)
FN:13,(anonymous_1)
FN:15,(anonymous_2)
FNF:3
FNH:1
FNDA:2,(anonymous_0)
FNDA:0,(anonymous_1)
FNDA:0,(anonymous_2)
DA:5,1
DA:6,2
DA:8,2
DA:13,0
DA:15,0
LF:5
LH:3
BRF:0
BRH:0
end_of_record
TN:
SF:src\components\ProductDetail.jsx
FN:5,(anonymous_0)
FN:16,(anonymous_1)
FN:18,(anonymous_2)
FN:25,(anonymous_3)
FN:32,(anonymous_4)
FN:44,(anonymous_5)
FN:48,(anonymous_6)
FN:53,(anonymous_7)
FN:96,(anonymous_8)
FN:105,(anonymous_9)
FN:114,(anonymous_10)
FN:118,(anonymous_11)
FN:151,(anonymous_12)
FN:151,(anonymous_13)
FN:161,(anonymous_14)
FNF:15
FNH:12
FNDA:4,(anonymous_0)
FNDA:4,(anonymous_1)
FNDA:48,(anonymous_2)
FNDA:4,(anonymous_3)
FNDA:0,(anonymous_4)
FNDA:1,(anonymous_5)
FNDA:1,(anonymous_6)
FNDA:1,(anonymous_7)
FNDA:0,(anonymous_8)
FNDA:7,(anonymous_9)
FNDA:3,(anonymous_10)
FNDA:1,(anonymous_11)
FNDA:1,(anonymous_12)
FNDA:16,(anonymous_13)
FNDA:0,(anonymous_14)
DA:5,1
DA:6,4
DA:7,4
DA:8,4
DA:10,4
DA:11,4
DA:13,4
DA:16,4
DA:18,48
DA:21,4
DA:23,4
DA:24,4
DA:25,4
DA:30,4
DA:31,0
DA:32,0
DA:35,4
DA:38,4
DA:42,4
DA:44,4
DA:45,1
DA:48,4
DA:49,1
DA:50,1
DA:53,4
DA:54,1
DA:55,1
DA:56,1
DA:59,4
DA:96,0
DA:105,1
DA:106,7
DA:112,7
DA:114,7
DA:115,3
DA:118,7
DA:119,1
DA:122,1
DA:123,1
DA:124,1
DA:127,1
DA:128,0
DA:129,0
DA:133,1
DA:134,0
DA:135,0
DA:138,1
DA:139,0
DA:140,0
DA:144,1
DA:145,1
DA:146,0
DA:147,0
DA:151,16
DA:152,1
DA:153,0
DA:154,0
DA:158,1
DA:161,7
DA:163,0
DA:170,7
LF:61
LH:47
BRDA:21,0,0,4
BRDA:21,0,1,0
BRDA:23,1,0,4
BRDA:23,1,1,0
BRDA:30,2,0,0
BRDA:30,2,1,4
BRDA:30,3,0,4
BRDA:30,3,1,0
BRDA:42,4,0,0
BRDA:42,4,1,4
BRDA:90,5,0,4
BRDA:90,5,1,1
BRDA:127,6,0,0
BRDA:127,6,1,1
BRDA:127,7,0,1
BRDA:127,7,1,1
BRDA:127,7,2,1
BRDA:133,8,0,0
BRDA:133,8,1,1
BRDA:138,9,0,0
BRDA:138,9,1,1
BRDA:145,10,0,0
BRDA:145,10,1,1
BRDA:145,11,0,1
BRDA:145,11,1,1
BRDA:151,12,0,16
BRDA:151,12,1,1
BRDA:152,13,0,0
BRDA:152,13,1,1
BRF:29
BRH:19
end_of_record
